<?xml version="1.0" encoding="UTF-8"?>
<!-- Generated by org.testng.reporters.JUnitReportReporter -->
<testsuite hostname="DESKTOP-I1470H0" failures="0" tests="1" name="TestScript.QALegendNoteTest" time="14.826" errors="0" timestamp="2024-12-16T21:34:40 IST" skipped="0">
  <testcase classname="TestScript.QALegendNoteTest" name="addNoteTest" time="14.826"/>
</testsuite> <!-- TestScript.QALegendNoteTest -->
