<?xml version="1.0" encoding="UTF-8"?>
<!-- Generated by org.testng.reporters.JUnitReportReporter -->
<testsuite hostname="DESKTOP-I1470H0" failures="0" tests="2" name="TestScript.QALegendTicketTest" time="19.602" errors="0" timestamp="2024-12-31T17:25:24 IST" skipped="0">
  <testcase classname="TestScript.QALegendTicketTest" name="verifyTicketMarkedAsClosed" time="10.431"/>
  <testcase classname="TestScript.QALegendTicketTest" name="verifyTicketAssignment" time="9.171"/>
</testsuite> <!-- TestScript.QALegendTicketTest -->
