<?xml version="1.0" encoding="UTF-8"?>
<!-- Generated by org.testng.reporters.JUnitReportReporter -->
<testsuite hostname="DESKTOP-I1470H0" failures="0" tests="2" name="TestScript.QALegendClientTest" time="19.532" errors="0" timestamp="2025-01-02T20:47:15 IST" skipped="0">
  <testcase classname="TestScript.QALegendClientTest" name="verifyAddClient" time="8.760"/>
  <testcase classname="TestScript.QALegendClientTest" name="verifyEditClient" time="10.772"/>
</testsuite> <!-- TestScript.QALegendClientTest -->
