<?xml version="1.0" encoding="UTF-8"?>
<!-- Generated by org.testng.reporters.JUnitReportReporter -->
<testsuite hostname="DESKTOP-I1470H0" failures="0" tests="1" name="TestScript.QALegendProjectTest" time="5.704" errors="0" timestamp="2024-12-16T12:20:19 IST" skipped="0">
  <testcase classname="TestScript.QALegendProjectTest" name="VerifySearchForCompletedProjects" time="5.704"/>
</testsuite> <!-- TestScript.QALegendProjectTest -->
