<?xml version="1.0" encoding="UTF-8"?>
<!-- Generated by org.testng.reporters.JUnitReportReporter -->
<testsuite hostname="DESKTOP-I1470H0" failures="0" tests="1" name="TestScript.QALegendProjectTest" time="10.173" errors="0" timestamp="2024-12-31T18:22:31 IST" skipped="0">
  <testcase classname="TestScript.QALegendProjectTest" name="verifyAddProject" time="10.173"/>
</testsuite> <!-- TestScript.QALegendProjectTest -->
