<?xml version="1.0" encoding="UTF-8"?>
<!-- Generated by org.testng.reporters.JUnitReportReporter -->
<testsuite hostname="DESKTOP-I1470H0" failures="0" tests="2" name="TestScript.QALegendTicketTest" time="21.479" errors="0" timestamp="2025-01-02T20:47:15 IST" skipped="0">
  <testcase classname="TestScript.QALegendTicketTest" name="verifyTicketMarkedAsClosed" time="9.783"/>
  <testcase classname="TestScript.QALegendTicketTest" name="verifyTicketAssignment" time="11.696"/>
</testsuite> <!-- TestScript.QALegendTicketTest -->
