<?xml version="1.0" encoding="UTF-8"?>
<!-- Generated by org.testng.reporters.JUnitReportReporter -->
<testsuite hostname="DESKTOP-I1470H0" failures="0" tests="2" name="TestScript.QALegendTicketTest" time="19.705" errors="0" timestamp="2024-12-23T00:15:08 IST" skipped="0">
  <testcase classname="TestScript.QALegendTicketTest" name="verifyTicketAssignment" time="10.704"/>
  <testcase classname="TestScript.QALegendTicketTest" name="verifyTicketMarkedAsClosed" time="9.001"/>
</testsuite> <!-- TestScript.QALegendTicketTest -->
