<?xml version="1.0" encoding="UTF-8"?>
<!-- Generated by org.testng.reporters.JUnitReportReporter -->
<testsuite hostname="DESKTOP-I1470H0" failures="0" tests="1" name="TestScript.QALegendClientTest" time="10.251" errors="0" timestamp="2024-12-31T17:18:31 IST" skipped="0">
  <testcase classname="TestScript.QALegendClientTest" name="verifyEditClient" time="10.251"/>
</testsuite> <!-- TestScript.QALegendClientTest -->
