<?xml version="1.0" encoding="UTF-8"?>
<!-- Generated by org.testng.reporters.JUnitReportReporter -->
<testsuite hostname="DESKTOP-I1470H0" failures="0" tests="1" name="TestScript.QALegendMessageTest" time="12.369" errors="0" timestamp="2024-12-22T12:37:04 IST" skipped="0">
  <testcase classname="TestScript.QALegendMessageTest" name="verifyComposeMessage" time="12.369"/>
</testsuite> <!-- TestScript.QALegendMessageTest -->
