<?xml version="1.0" encoding="UTF-8"?>
<!-- Generated by org.testng.reporters.JUnitReportReporter -->
<testsuite hostname="DESKTOP-I1470H0" failures="0" tests="1" name="TestScript.QALegendNoteTest" time="10.483" errors="0" timestamp="2024-12-23T20:33:22 IST" skipped="0">
  <testcase classname="TestScript.QALegendNoteTest" name="addNoteTest" time="10.483"/>
</testsuite> <!-- TestScript.QALegendNoteTest -->
