<?xml version="1.0" encoding="UTF-8"?>
<!-- Generated by org.testng.reporters.JUnitReportReporter -->
<testsuite hostname="DESKTOP-I1470H0" failures="0" tests="1" name="TestScript.QALegendEventTest" time="7.313" errors="0" timestamp="2024-12-31T15:53:23 IST" skipped="0">
  <testcase classname="TestScript.QALegendEventTest" name="verifyAddEvent" time="7.313"/>
</testsuite> <!-- TestScript.QALegendEventTest -->
