<?xml version="1.0" encoding="UTF-8"?>
<!-- Generated by org.testng.reporters.JUnitReportReporter -->
<testsuite hostname="DESKTOP-I1470H0" failures="0" tests="1" name="TestScript.QALegendEventTest" time="8.430" errors="0" timestamp="2025-01-01T21:19:00 IST" skipped="0">
  <testcase classname="TestScript.QALegendEventTest" name="verifyAddEvent" time="8.430"/>
</testsuite> <!-- TestScript.QALegendEventTest -->
