<?xml version="1.0" encoding="UTF-8"?>
<!-- Generated by org.testng.reporters.JUnitReportReporter -->
<testsuite hostname="DESKTOP-I1470H0" failures="0" tests="3" name="TestScript.QALegendProjectTest" time="28.564" errors="0" timestamp="2025-01-02T20:47:15 IST" skipped="0">
  <testcase classname="TestScript.QALegendProjectTest" name="verifyDeleteProject" time="12.876"/>
  <testcase classname="TestScript.QALegendProjectTest" name="verifySearchForCompletedProjects" time="5.830"/>
  <testcase classname="TestScript.QALegendProjectTest" name="verifyAddProject" time="9.858"/>
</testsuite> <!-- TestScript.QALegendProjectTest -->
