<?xml version="1.0" encoding="UTF-8"?>
<!-- Generated by org.testng.reporters.JUnitReportReporter -->
<testsuite hostname="DESKTOP-I1470H0" failures="0" tests="1" name="TestScript.QALegendNoteTest" time="13.476" errors="0" timestamp="2024-12-26T16:19:23 IST" skipped="0">
  <testcase classname="TestScript.QALegendNoteTest" name="verifyAddNoteTest" time="13.476"/>
</testsuite> <!-- TestScript.QALegendNoteTest -->
